<?xml version="1.0" encoding="UTF-8"?>
<!-- Generated by org.testng.reporters.JUnitXMLReporter -->
<testsuite ignored="0" hostname="Shopse-396" failures="0" tests="13" name="car loan" time="0.095" errors="0" timestamp="2024-07-20T11:42:53 IST">
  <testcase classname="test.class1" name="demo" time="0.006"/>
  <testcase classname="test.class1" name="demo2" time="0.002"/>
  <testcase classname="test.day2" name="demo3" time="0.002"/>
  <testcase classname="test.day3TestCasePriority" name="LoginAPICarLoan" time="0.001"/>
  <testcase classname="test.day3TestCasePriority" name="MobileCarLoan" time="0.001"/>
  <testcase classname="test.day3TestCasePriority" name="MobileCarLoanlogin" time="0.001"/>
  <testcase classname="test.day3TestCasePriority" name="MobileCarLoanlogout" time="0.002"/>
  <testcase classname="test.day3TestCasePriority" name="MobileCarLoansignout" time="0.002"/>
  <testcase classname="test.day3TestCasePriority" name="MobileCarLoansingIn" time="0.002"/>
  <testcase classname="test.day3TestCasePriority" name="webLoginCarLoan" time="0.002"/>
  <testcase classname="test.Day4TestCasePriority" name="LoginAPIHomeLoan" time="0.001"/>
  <testcase classname="test.Day4TestCasePriority" name="MobileHomeLoan" time="0.002"/>
  <testcase classname="test.Day4TestCasePriority" name="webcarHomeLoan" time="0.001"/>
</testsuite> <!-- car loan -->
