<?xml version="1.0" encoding="UTF-8"?>
<!-- Generated by org.testng.reporters.JUnitXMLReporter -->
<testsuite ignored="1" hostname="Shopse-396" failures="0" tests="6" name="Personal Loan" time="0.074" errors="0" timestamp="2024-07-20T22:12:08 IST">
  <testcase classname="test.class1" name="demo" time="0.004"/>
  <testcase classname="test.day2" name="demo3" time="0.001"/>
  <testcase classname="test.day2" name="demo4" time="0.001"/>
  <testcase classname="test.Day4TestCasePriority" name="LoginAPIHomeLoan" time="0.002"/>
  <testcase classname="test.Day4TestCasePriority" name="MobileHomeLoan" time="0.001"/>
  <testcase classname="test.Day4TestCasePriority" name="webcarHomeLoan" time="0.0"/>
  <testcase classname="test.class1" name="demo2" time="0.0">
    <ignored/>
  </testcase> <!-- demo2 -->
</testsuite> <!-- Personal Loan -->
