<?xml version="1.0" encoding="UTF-8"?>
<!-- Generated by org.testng.reporters.JUnitXMLReporter -->
<testsuite ignored="3" hostname="Shopse-396" failures="0" tests="11" name="Regression" time="0.096" errors="0" timestamp="2024-07-20T14:58:20 IST">
  <testcase classname="test.class1" name="demo2" time="0.005"/>
  <testcase classname="test.day2" name="demo3" time="0.001"/>
  <testcase classname="test.day3TestCasePriority" name="MobileCarLoanlogout" time="0.0"/>
  <testcase classname="test.day3TestCasePriority" name="MobileCarLoansignout" time="0.002"/>
  <testcase classname="test.day3TestCasePriority" name="MobileCarLoansingIn" time="0.007"/>
  <testcase classname="test.day3TestCasePriority" name="MobileCarLoan" time="0.002"/>
  <testcase classname="test.day3TestCasePriority" name="MobileCarLoanlogin" time="0.002"/>
  <testcase classname="test.day3TestCasePriority" name="webLoginCarLoan" time="0.001"/>
  <testcase classname="test.day3TestCasePriority" name="LoginAPICarLoan" time="0.001"/>
  <testcase classname="test.Day4TestCasePriority" name="MobileHomeLoan" time="0.001"/>
  <testcase classname="test.Day4TestCasePriority" name="webcarHomeLoan" time="0.001"/>
  <testcase classname="test.day2" name="demo4" time="0.0">
    <ignored/>
  </testcase> <!-- demo4 -->
  <testcase classname="test.class1" name="demo" time="0.0">
    <ignored/>
  </testcase> <!-- demo -->
  <testcase classname="test.Day4TestCasePriority" name="LoginAPIHomeLoan" time="0.0">
    <ignored/>
  </testcase> <!-- LoginAPIHomeLoan -->
</testsuite> <!-- Regression -->
